2025-11-13 11:29:58.284 [main] INFO  kr.co.sonjm.demo.DemoApplication - Starting DemoApplication using Java 17.0.10 with PID 13656 (C:\Users\sonjm\IdeaProjects\demo\build\classes\java\main started by sonjm in C:\Users\sonjm\IdeaProjects\demo)
2025-11-13 11:29:58.301 [main] DEBUG kr.co.sonjm.demo.DemoApplication - Running with Spring Boot v3.5.7, Spring v6.2.12
2025-11-13 11:29:58.304 [main] INFO  kr.co.sonjm.demo.DemoApplication - No active profile set, falling back to 1 default profile: "default"
2025-11-13 11:30:03.293 [main] INFO  kr.co.sonjm.demo.DemoApplication - Started DemoApplication in 5.639 seconds (process running for 7.888)
2025-11-13 11:30:14.773 [main] INFO  kr.co.sonjm.demo.DemoApplication - Starting DemoApplication using Java 17.0.10 with PID 20440 (C:\Users\sonjm\IdeaProjects\demo\build\classes\java\main started by sonjm in C:\Users\sonjm\IdeaProjects\demo)
2025-11-13 11:30:14.785 [main] DEBUG kr.co.sonjm.demo.DemoApplication - Running with Spring Boot v3.5.7, Spring v6.2.12
2025-11-13 11:30:14.786 [main] INFO  kr.co.sonjm.demo.DemoApplication - No active profile set, falling back to 1 default profile: "default"
2025-11-13 11:30:19.080 [main] INFO  kr.co.sonjm.demo.DemoApplication - Started DemoApplication in 4.834 seconds (process running for 7.031)
2025-11-13 11:32:02.507 [main] disableAnsi=true(INFO ) %cyan(kr.co.sonjm.demo.DemoApplication) - Starting DemoApplication using Java 17.0.10 with PID 12036 (C:\Users\sonjm\IdeaProjects\demo\build\classes\java\main started by sonjm in C:\Users\sonjm\IdeaProjects\demo)
2025-11-13 11:32:02.519 [main] disableAnsi=true(DEBUG) %cyan(kr.co.sonjm.demo.DemoApplication) - Running with Spring Boot v3.5.7, Spring v6.2.12
2025-11-13 11:32:02.520 [main] disableAnsi=true(INFO ) %cyan(kr.co.sonjm.demo.DemoApplication) - No active profile set, falling back to 1 default profile: "default"
2025-11-13 11:32:07.337 [main] disableAnsi=true(INFO ) %cyan(kr.co.sonjm.demo.DemoApplication) - Started DemoApplication in 5.392 seconds (process running for 7.665)
2025-11-13 11:32:49.022 [main] INFO  kr.co.sonjm.demo.DemoApplication - Starting DemoApplication using Java 17.0.10 with PID 25160 (C:\Users\sonjm\IdeaProjects\demo\build\classes\java\main started by sonjm in C:\Users\sonjm\IdeaProjects\demo)
2025-11-13 11:32:49.034 [main] DEBUG kr.co.sonjm.demo.DemoApplication - Running with Spring Boot v3.5.7, Spring v6.2.12
2025-11-13 11:32:49.036 [main] INFO  kr.co.sonjm.demo.DemoApplication - No active profile set, falling back to 1 default profile: "default"
2025-11-13 11:32:53.495 [main] INFO  kr.co.sonjm.demo.DemoApplication - Started DemoApplication in 5.017 seconds (process running for 7.05)
2025-11-13 11:34:40.567 [main] INFO  kr.co.sonjm.demo.DemoApplication - Starting DemoApplication using Java 17.0.10 with PID 24492 (C:\Users\sonjm\IdeaProjects\demo\build\classes\java\main started by sonjm in C:\Users\sonjm\IdeaProjects\demo)
2025-11-13 11:34:40.586 [main] DEBUG kr.co.sonjm.demo.DemoApplication - Running with Spring Boot v3.5.7, Spring v6.2.12
2025-11-13 11:34:40.589 [main] INFO  kr.co.sonjm.demo.DemoApplication - No active profile set, falling back to 1 default profile: "default"
2025-11-13 11:34:46.226 [main] INFO  kr.co.sonjm.demo.DemoApplication - Started DemoApplication in 6.445 seconds (process running for 9.044)
2025-11-13 11:38:44.626 [main] INFO  kr.co.sonjm.demo.DemoApplication - Starting DemoApplication using Java 17.0.10 with PID 14392 (C:\Users\sonjm\IdeaProjects\demo\build\classes\java\main started by sonjm in C:\Users\sonjm\IdeaProjects\demo)
2025-11-13 11:38:44.639 [main] DEBUG kr.co.sonjm.demo.DemoApplication - Running with Spring Boot v3.5.7, Spring v6.2.12
2025-11-13 11:38:44.642 [main] INFO  kr.co.sonjm.demo.DemoApplication - No active profile set, falling back to 1 default profile: "default"
2025-11-13 11:38:49.120 [main] INFO  kr.co.sonjm.demo.DemoApplication - Started DemoApplication in 5.029 seconds (process running for 7.069)
2025-11-13 11:39:49.806 [main] INFO  kr.co.sonjm.demo.DemoApplication - Starting DemoApplication using Java 17.0.10 with PID 4292 (C:\Users\sonjm\IdeaProjects\demo\build\classes\java\main started by sonjm in C:\Users\sonjm\IdeaProjects\demo)
2025-11-13 11:39:49.819 [main] DEBUG kr.co.sonjm.demo.DemoApplication - Running with Spring Boot v3.5.7, Spring v6.2.12
2025-11-13 11:39:49.822 [main] INFO  kr.co.sonjm.demo.DemoApplication - No active profile set, falling back to 1 default profile: "default"
2025-11-13 11:39:54.463 [main] INFO  kr.co.sonjm.demo.DemoApplication - Started DemoApplication in 5.201 seconds (process running for 7.382)
